<?xml version="1.0" encoding="UTF-8"?>
<Site BuildName="Win32-MSBuild"
	BuildStamp="20230803-2146-Experimental"
	Name="LAPTOP-P4JBQP31"
	Generator="ctest-3.27.1"
	CompilerName="C:/Program Files/Microsoft Visual Studio/2022/Community/VC/Tools/MSVC/14.35.32215/bin/Hostx86/x64/cl.exe"
	CompilerVersion="19.35.32217.1"
	OSName="Windows"
	Hostname="LAPTOP-P4JBQP31"
	OSRelease=" Professional"
	OSVersion=" (Build 19045)"
	OSPlatform="AMD64"
	Is64Bits="1"
	VendorString="GenuineIntel"
	VendorID="Intel Corporation"
	FamilyID="6"
	ModelID="13"
	ProcessorCacheSize="-1"
	NumberOfLogicalCPU="16"
	NumberOfPhysicalCPU="8"
	TotalVirtualMemory="55059"
	TotalPhysicalMemory="16147"
	LogicalProcessorsPerPhysical="2"
	ProcessorClockFrequency="2303"
	>
	<Testing>
		<StartDateTime>Aug 03 17:46 Eastern Daylight Time</StartDateTime>
		<StartTestTime>1691099209</StartTestTime>
		<TestList/>
		<EndDateTime>Aug 03 17:46 Eastern Daylight Time</EndDateTime>
		<EndTestTime>1691099209</EndTestTime>
		<ElapsedMinutes>0</ElapsedMinutes>
	</Testing>
</Site>
